<?xml version="1.0" encoding="UTF-8"?>
<testsuite xmlns:xsi="http://www.w3.org/2001/XMLSchema-instance" xsi:noNamespaceSchemaLocation="https://maven.apache.org/surefire/maven-surefire-plugin/xsd/surefire-test-report-3.0.xsd" version="3.0" name="examples.users.UsersRunner" time="9.261" tests="3" errors="0" skipped="0" failures="0">
  <properties>
[...]
</properties>
  <testcase name="[1:9] Get all products" classname="examples/users/users" time="2.062">
    <system-out><![CDATA[13:31:41.574 [main] INFO  o.s.b.d.r.RestartApplicationListener - Restart disabled due to context in which it is running

  .   ____          _            __ _ _
 /\\ / ___'_ __ _ _(_)_ __  __ _ \ \ \ \
( ( )\___ | '_ | '_| | '_ \/ _` | \ \ \ \
 \\/  ___)| |_)| | | | | || (_| |  ) ) ) )
  '  |____| .__|_| |_|_| |_\__, | / / / /
 =========|_|==============|___/=/_/_/_/

 :: Spring Boot ::                (v3.3.5)

13:31:41.940 [main] INFO  examples.users.UsersRunner - Starting UsersRunner using Java 17.0.17 with PID 28531 (started by hrishabh in /home/hrishabh/codebases/java_codes/springboot/myproject)
13:31:41.942 [main] INFO  examples.users.UsersRunner - The following 1 profile is active: "test"
13:31:42.685 [main] INFO  o.s.d.r.c.RepositoryConfigurationDelegate - Bootstrapping Spring Data JPA repositories in DEFAULT mode.
13:31:42.744 [main] INFO  o.s.d.r.c.RepositoryConfigurationDelegate - Finished Spring Data repository scanning in 51 ms. Found 1 JPA repository interface.
13:31:43.432 [main] INFO  o.s.b.w.e.tomcat.TomcatWebServer - Tomcat initialized with port 0 (http)
13:31:43.444 [main] INFO  o.a.coyote.http11.Http11NioProtocol - Initializing ProtocolHandler ["http-nio-auto-1"]
13:31:43.448 [main] INFO  o.a.catalina.core.StandardService - Starting service [Tomcat]
13:31:43.448 [main] INFO  o.a.catalina.core.StandardEngine - Starting Servlet engine: [Apache Tomcat/10.1.31]
13:31:43.522 [main] INFO  o.a.c.c.C.[Tomcat].[localhost].[/] - Initializing Spring embedded WebApplicationContext
13:31:43.524 [main] INFO  o.s.b.w.s.c.ServletWebServerApplicationContext - Root WebApplicationContext: initialization completed in 1558 ms
13:31:43.746 [main] INFO  o.h.jpa.internal.util.LogHelper - HHH000204: Processing PersistenceUnitInfo [name: default]
13:31:43.802 [main] INFO  org.hibernate.Version - HHH000412: Hibernate ORM core version 6.5.3.Final
13:31:43.842 [main] INFO  o.h.c.i.RegionFactoryInitiator - HHH000026: Second-level cache disabled
13:31:44.161 [main] INFO  o.s.o.j.p.SpringPersistenceUnitInfo - No LoadTimeWeaver setup: ignoring JPA class transformer
13:31:44.194 [main] INFO  com.zaxxer.hikari.HikariDataSource - HikariPool-1 - Starting...
13:31:44.408 [main] INFO  com.zaxxer.hikari.pool.HikariPool - HikariPool-1 - Added connection conn0: url=jdbc:h2:mem:testdb user=SA
13:31:44.410 [main] INFO  com.zaxxer.hikari.HikariDataSource - HikariPool-1 - Start completed.
13:31:44.442 [main] WARN  org.hibernate.orm.deprecation - HHH90000025: H2Dialect does not need to be specified explicitly using 'hibernate.dialect' (remove the property setting and it will be selected by default)
13:31:45.170 [main] INFO  o.h.e.t.j.p.i.JtaPlatformInitiator - HHH000489: No JTA platform available (set 'hibernate.transaction.jta.platform' to enable JTA platform integration)
Hibernate: drop table if exists product cascade 
Hibernate: create table product (price float(53), id bigint generated by default as identity, name varchar(255), primary key (id))
13:31:45.199 [main] INFO  o.s.o.j.LocalContainerEntityManagerFactoryBean - Initialized JPA EntityManagerFactory for persistence unit 'default'
13:31:45.471 [main] WARN  o.s.b.a.o.j.JpaBaseConfiguration$JpaWebConfiguration - spring.jpa.open-in-view is enabled by default. Therefore, database queries may be performed during view rendering. Explicitly configure spring.jpa.open-in-view to disable this warning
13:31:45.985 [main] INFO  o.a.coyote.http11.Http11NioProtocol - Starting ProtocolHandler ["http-nio-auto-1"]
13:31:46.004 [main] INFO  o.s.b.w.e.tomcat.TomcatWebServer - Tomcat started on port 43307 (http) with context path '/'
13:31:46.016 [main] INFO  examples.users.UsersRunner - Started UsersRunner in 4.456 seconds (process running for 5.53)
13:31:47.143 [main] DEBUG com.intuit.karate.Suite - [config] classpath:karate-config.js
13:31:48.369 [main] INFO  com.intuit.karate - karate.env: dev 
13:31:48.395 [main] INFO  com.intuit.karate - ✅ Using baseUrl: http://localhost:43307 
13:31:48.444 [main] INFO  com.intuit.karate - >> lock acquired, begin callonce: read('create-product.feature')
13:31:48.700 [main] DEBUG com.intuit.karate - request:
1 > POST http://localhost:43307/api/products
1 > Content-Type: application/json; charset=UTF-8
1 > Content-Length: 32
1 > Host: localhost:43307
1 > Connection: Keep-Alive
1 > User-Agent: Apache-HttpClient/4.5.14 (Java/17.0.17)
1 > Accept-Encoding: gzip,deflate
{"name":"Laptop","price":1200.5}

13:31:48.771 [http-nio-auto-1-exec-1] INFO  o.a.c.c.C.[Tomcat].[localhost].[/] - Initializing Spring DispatcherServlet 'dispatcherServlet'
13:31:48.771 [http-nio-auto-1-exec-1] INFO  o.s.web.servlet.DispatcherServlet - Initializing Servlet 'dispatcherServlet'
13:31:48.773 [http-nio-auto-1-exec-1] INFO  o.s.web.servlet.DispatcherServlet - Completed initialization in 2 ms
Hibernate: insert into product (name,price,id) values (?,?,default)
13:31:49.015 [main] DEBUG com.intuit.karate - response time in milliseconds: 313
1 < 200
1 < Content-Type: application/json
1 < Transfer-Encoding: chunked
1 < Date: Mon, 08 Dec 2025 08:01:49 GMT
1 < Keep-Alive: timeout=60
1 < Connection: keep-alive
{"id":1,"name":"Laptop","price":1200.5}

13:31:49.028 [main] INFO  com.intuit.karate - << lock released, cached callonce: read('create-product.feature')
13:31:49.033 [main] DEBUG com.intuit.karate - request:
1 > GET http://localhost:43307/api/products
1 > Content-Type: application/json
1 > Host: localhost:43307
1 > Connection: Keep-Alive
1 > User-Agent: Apache-HttpClient/4.5.14 (Java/17.0.17)
1 > Accept-Encoding: gzip,deflate


Hibernate: select p1_0.id,p1_0.name,p1_0.price from product p1_0
13:31:49.222 [main] DEBUG com.intuit.karate - response time in milliseconds: 189
1 < 200
1 < Content-Type: application/json
1 < Transfer-Encoding: chunked
1 < Date: Mon, 08 Dec 2025 08:01:49 GMT
1 < Keep-Alive: timeout=60
1 < Connection: keep-alive
[{"id":1,"name":"Laptop","price":1200.5}]

]]></system-out>
  </testcase>
  <testcase name="[2:15] Update product price" classname="examples/users/users" time="0.079">
    <system-out><![CDATA[13:31:49.260 [main] INFO  com.intuit.karate - karate.env: dev 
13:31:49.264 [main] INFO  com.intuit.karate - ✅ Using baseUrl: http://localhost:43307 
13:31:49.286 [main] DEBUG com.intuit.karate - request:
1 > PUT http://localhost:43307/api/products/1
1 > Content-Type: application/json; charset=UTF-8
1 > Content-Length: 33
1 > Host: localhost:43307
1 > Connection: Keep-Alive
1 > User-Agent: Apache-HttpClient/4.5.14 (Java/17.0.17)
1 > Accept-Encoding: gzip,deflate
{"name":"Laptop","price":1500.75}

Hibernate: select p1_0.id,p1_0.name,p1_0.price from product p1_0 where p1_0.id=?
Hibernate: update product set name=?,price=? where id=?
13:31:49.319 [main] DEBUG com.intuit.karate - response time in milliseconds: 32
1 < 200
1 < Content-Type: application/json
1 < Transfer-Encoding: chunked
1 < Date: Mon, 08 Dec 2025 08:01:49 GMT
1 < Keep-Alive: timeout=60
1 < Connection: keep-alive
{"id":1,"name":"Laptop","price":1500.75}

]]></system-out>
  </testcase>
  <testcase name="[3:24] Verify updated product" classname="examples/users/users" time="0.967">
    <system-out><![CDATA[13:31:49.333 [main] INFO  com.intuit.karate - karate.env: dev 
13:31:49.335 [main] INFO  com.intuit.karate - ✅ Using baseUrl: http://localhost:43307 
13:31:49.344 [main] DEBUG com.intuit.karate - request:
1 > GET http://localhost:43307/api/products/1
1 > Content-Type: application/json
1 > Host: localhost:43307
1 > Connection: Keep-Alive
1 > User-Agent: Apache-HttpClient/4.5.14 (Java/17.0.17)
1 > Accept-Encoding: gzip,deflate


Hibernate: select p1_0.id,p1_0.name,p1_0.price from product p1_0 where p1_0.id=?
13:31:49.353 [main] DEBUG com.intuit.karate - response time in milliseconds: 9
1 < 200
1 < Content-Type: application/json
1 < Transfer-Encoding: chunked
1 < Date: Mon, 08 Dec 2025 08:01:49 GMT
1 < Keep-Alive: timeout=60
1 < Connection: keep-alive
{"id":1,"name":"Laptop","price":1500.75}

---------------------------------------------------------
feature: classpath:examples/users/users.feature
scenarios:  3 | passed:  3 | failed:  0 | time: 0.8853
---------------------------------------------------------

Karate version: 1.5.1
======================================================
elapsed:   3.17 | threads:    1 | thread time: 0.89 
features:     1 | skipped:    0 | efficiency: 0.28
scenarios:    3 | passed:     3 | failed: 0
======================================================

HTML report: (paste into browser to view) | Karate version: 1.5.1
file:///home/hrishabh/codebases/java_codes/springboot/myproject/target/karate-reports/karate-summary.html
===================================================================

]]></system-out>
  </testcase>
</testsuite>