<?xml version="1.0" encoding="UTF-8"?>
<testsuite xmlns:xsi="http://www.w3.org/2001/XMLSchema-instance" xsi:noNamespaceSchemaLocation="https://maven.apache.org/surefire/maven-surefire-plugin/xsd/surefire-test-report-3.0.xsd" version="3.0" name="examples.users.UsersRunner" time="3.446" tests="3" errors="0" skipped="0" failures="3">
  <properties>
[...]
</properties>
  <testcase name="[1:9] Get all products" classname="examples/users/users" time="1.286">
    <failure message="http call failed after 262 milliseconds for url: http://localhost:8080/api/products&#10;org.apache.http.conn.HttpHostConnectException: Connect to localhost:8080 [localhost/127.0.0.1] failed: Connection refused&#10;classpath:examples/users/create-product.feature:8&#10;classpath:examples/users/users.feature:6" type="org.opentest4j.AssertionFailedError"><![CDATA[org.opentest4j.AssertionFailedError: 
http call failed after 262 milliseconds for url: http://localhost:8080/api/products
org.apache.http.conn.HttpHostConnectException: Connect to localhost:8080 [localhost/127.0.0.1] failed: Connection refused
classpath:examples/users/create-product.feature:8
classpath:examples/users/users.feature:6
	at com.intuit.karate.junit5.FeatureNode.lambda$next$1(FeatureNode.java:86)
	at java.base/java.util.stream.ForEachOps$ForEachOp$OfRef.accept(ForEachOps.java:183)
	at java.base/java.util.stream.ReferencePipeline$3$1.accept(ReferencePipeline.java:197)
	at java.base/java.util.stream.ReferencePipeline$2$1.accept(ReferencePipeline.java:179)
	at java.base/java.util.stream.ReferencePipeline$3$1.accept(ReferencePipeline.java:197)
	at java.base/java.util.Iterator.forEachRemaining(Iterator.java:133)
	at java.base/java.util.Spliterators$IteratorSpliterator.forEachRemaining(Spliterators.java:1845)
	at java.base/java.util.stream.AbstractPipeline.copyInto(AbstractPipeline.java:509)
	at java.base/java.util.stream.AbstractPipeline.wrapAndCopyInto(AbstractPipeline.java:499)
	at java.base/java.util.stream.ForEachOps$ForEachOp.evaluateSequential(ForEachOps.java:150)
	at java.base/java.util.stream.ForEachOps$ForEachOp$OfRef.evaluateSequential(ForEachOps.java:173)
	at java.base/java.util.stream.AbstractPipeline.evaluate(AbstractPipeline.java:234)
	at java.base/java.util.stream.ReferencePipeline.forEachOrdered(ReferencePipeline.java:601)
	at java.base/java.util.Optional.ifPresent(Optional.java:178)
	at java.base/java.util.ArrayList.forEach(ArrayList.java:1511)
	at java.base/java.util.ArrayList.forEach(ArrayList.java:1511)
]]></failure>
    <system-out><![CDATA[13:31:36.091 [main] INFO com.intuit.karate -- >> lock acquired, begin callonce: read('create-product.feature')
13:31:36.453 [main] ERROR com.intuit.karate -- org.apache.http.conn.HttpHostConnectException: Connect to localhost:8080 [localhost/127.0.0.1] failed: Connection refused, http call failed after 262 milliseconds for url: http://localhost:8080/api/products
13:31:36.454 [main] ERROR com.intuit.karate -- classpath:examples/users/create-product.feature:8
When method post
http call failed after 262 milliseconds for url: http://localhost:8080/api/products
org.apache.http.conn.HttpHostConnectException: Connect to localhost:8080 [localhost/127.0.0.1] failed: Connection refused
classpath:examples/users/create-product.feature:8
13:31:36.457 [main] ERROR com.intuit.karate -- classpath:examples/users/users.feature:6
* def productSetup = callonce read('create-product.feature')
http call failed after 262 milliseconds for url: http://localhost:8080/api/products
org.apache.http.conn.HttpHostConnectException: Connect to localhost:8080 [localhost/127.0.0.1] failed: Connection refused
classpath:examples/users/create-product.feature:8
classpath:examples/users/users.feature:6
]]></system-out>
  </testcase>
  <testcase name="[2:14] Update product price" classname="examples/users/users" time="0.036">
    <failure message="http call failed after 2 milliseconds for url: http://localhost:8080/api/products&#10;org.apache.http.conn.HttpHostConnectException: Connect to localhost:8080 [localhost/127.0.0.1] failed: Connection refused&#10;classpath:examples/users/create-product.feature:8&#10;classpath:examples/users/users.feature:6" type="org.opentest4j.AssertionFailedError"><![CDATA[org.opentest4j.AssertionFailedError: 
http call failed after 2 milliseconds for url: http://localhost:8080/api/products
org.apache.http.conn.HttpHostConnectException: Connect to localhost:8080 [localhost/127.0.0.1] failed: Connection refused
classpath:examples/users/create-product.feature:8
classpath:examples/users/users.feature:6
	at com.intuit.karate.junit5.FeatureNode.lambda$next$1(FeatureNode.java:86)
	at java.base/java.util.stream.ForEachOps$ForEachOp$OfRef.accept(ForEachOps.java:183)
	at java.base/java.util.stream.ReferencePipeline$3$1.accept(ReferencePipeline.java:197)
	at java.base/java.util.stream.ReferencePipeline$2$1.accept(ReferencePipeline.java:179)
	at java.base/java.util.stream.ReferencePipeline$3$1.accept(ReferencePipeline.java:197)
	at java.base/java.util.Iterator.forEachRemaining(Iterator.java:133)
	at java.base/java.util.Spliterators$IteratorSpliterator.forEachRemaining(Spliterators.java:1845)
	at java.base/java.util.stream.AbstractPipeline.copyInto(AbstractPipeline.java:509)
	at java.base/java.util.stream.AbstractPipeline.wrapAndCopyInto(AbstractPipeline.java:499)
	at java.base/java.util.stream.ForEachOps$ForEachOp.evaluateSequential(ForEachOps.java:150)
	at java.base/java.util.stream.ForEachOps$ForEachOp$OfRef.evaluateSequential(ForEachOps.java:173)
	at java.base/java.util.stream.AbstractPipeline.evaluate(AbstractPipeline.java:234)
	at java.base/java.util.stream.ReferencePipeline.forEachOrdered(ReferencePipeline.java:601)
	at java.base/java.util.Optional.ifPresent(Optional.java:178)
	at java.base/java.util.ArrayList.forEach(ArrayList.java:1511)
	at java.base/java.util.ArrayList.forEach(ArrayList.java:1511)
]]></failure>
    <system-out><![CDATA[13:31:36.484 [main] INFO com.intuit.karate -- >> lock acquired, begin callonce: read('create-product.feature')
13:31:36.501 [main] ERROR com.intuit.karate -- org.apache.http.conn.HttpHostConnectException: Connect to localhost:8080 [localhost/127.0.0.1] failed: Connection refused, http call failed after 2 milliseconds for url: http://localhost:8080/api/products
13:31:36.502 [main] ERROR com.intuit.karate -- classpath:examples/users/create-product.feature:8
When method post
http call failed after 2 milliseconds for url: http://localhost:8080/api/products
org.apache.http.conn.HttpHostConnectException: Connect to localhost:8080 [localhost/127.0.0.1] failed: Connection refused
classpath:examples/users/create-product.feature:8
13:31:36.503 [main] ERROR com.intuit.karate -- classpath:examples/users/users.feature:6
* def productSetup = callonce read('create-product.feature')
http call failed after 2 milliseconds for url: http://localhost:8080/api/products
org.apache.http.conn.HttpHostConnectException: Connect to localhost:8080 [localhost/127.0.0.1] failed: Connection refused
classpath:examples/users/create-product.feature:8
classpath:examples/users/users.feature:6
]]></system-out>
  </testcase>
  <testcase name="[3:22] Verify updated product" classname="examples/users/users" time="1.187">
    <failure message="http call failed after 3 milliseconds for url: http://localhost:8080/api/products&#10;org.apache.http.conn.HttpHostConnectException: Connect to localhost:8080 [localhost/127.0.0.1] failed: Connection refused&#10;classpath:examples/users/create-product.feature:8&#10;classpath:examples/users/users.feature:6" type="org.opentest4j.AssertionFailedError"><![CDATA[org.opentest4j.AssertionFailedError: 
http call failed after 3 milliseconds for url: http://localhost:8080/api/products
org.apache.http.conn.HttpHostConnectException: Connect to localhost:8080 [localhost/127.0.0.1] failed: Connection refused
classpath:examples/users/create-product.feature:8
classpath:examples/users/users.feature:6
	at com.intuit.karate.junit5.FeatureNode.lambda$next$1(FeatureNode.java:86)
	at java.base/java.util.stream.ForEachOps$ForEachOp$OfRef.accept(ForEachOps.java:183)
	at java.base/java.util.stream.ReferencePipeline$3$1.accept(ReferencePipeline.java:197)
	at java.base/java.util.stream.ReferencePipeline$2$1.accept(ReferencePipeline.java:179)
	at java.base/java.util.stream.ReferencePipeline$3$1.accept(ReferencePipeline.java:197)
	at java.base/java.util.Iterator.forEachRemaining(Iterator.java:133)
	at java.base/java.util.Spliterators$IteratorSpliterator.forEachRemaining(Spliterators.java:1845)
	at java.base/java.util.stream.AbstractPipeline.copyInto(AbstractPipeline.java:509)
	at java.base/java.util.stream.AbstractPipeline.wrapAndCopyInto(AbstractPipeline.java:499)
	at java.base/java.util.stream.ForEachOps$ForEachOp.evaluateSequential(ForEachOps.java:150)
	at java.base/java.util.stream.ForEachOps$ForEachOp$OfRef.evaluateSequential(ForEachOps.java:173)
	at java.base/java.util.stream.AbstractPipeline.evaluate(AbstractPipeline.java:234)
	at java.base/java.util.stream.ReferencePipeline.forEachOrdered(ReferencePipeline.java:601)
	at java.base/java.util.Optional.ifPresent(Optional.java:178)
	at java.base/java.util.ArrayList.forEach(ArrayList.java:1511)
	at java.base/java.util.ArrayList.forEach(ArrayList.java:1511)
]]></failure>
    <system-out><![CDATA[13:31:36.520 [main] INFO com.intuit.karate -- >> lock acquired, begin callonce: read('create-product.feature')
13:31:36.536 [main] ERROR com.intuit.karate -- org.apache.http.conn.HttpHostConnectException: Connect to localhost:8080 [localhost/127.0.0.1] failed: Connection refused, http call failed after 3 milliseconds for url: http://localhost:8080/api/products
13:31:36.537 [main] ERROR com.intuit.karate -- classpath:examples/users/create-product.feature:8
When method post
http call failed after 3 milliseconds for url: http://localhost:8080/api/products
org.apache.http.conn.HttpHostConnectException: Connect to localhost:8080 [localhost/127.0.0.1] failed: Connection refused
classpath:examples/users/create-product.feature:8
13:31:36.538 [main] ERROR com.intuit.karate -- classpath:examples/users/users.feature:6
* def productSetup = callonce read('create-product.feature')
http call failed after 3 milliseconds for url: http://localhost:8080/api/products
org.apache.http.conn.HttpHostConnectException: Connect to localhost:8080 [localhost/127.0.0.1] failed: Connection refused
classpath:examples/users/create-product.feature:8
classpath:examples/users/users.feature:6
---------------------------------------------------------
feature: classpath:examples/users/users.feature
scenarios:  3 | passed:  0 | failed:  3 | time: 0.5151
---------------------------------------------------------

Karate version: 1.5.0
======================================================
elapsed:   2.44 | threads:    1 | thread time: 0.52 
features:     1 | skipped:    0 | efficiency: 0.21
scenarios:    3 | passed:     0 | failed: 3
======================================================
>>> failed features:
http call failed after 262 milliseconds for url: http://localhost:8080/api/products
org.apache.http.conn.HttpHostConnectException: Connect to localhost:8080 [localhost/127.0.0.1] failed: Connection refused
classpath:examples/users/create-product.feature:8
classpath:examples/users/users.feature:6
http call failed after 2 milliseconds for url: http://localhost:8080/api/products
org.apache.http.conn.HttpHostConnectException: Connect to localhost:8080 [localhost/127.0.0.1] failed: Connection refused
classpath:examples/users/create-product.feature:8
classpath:examples/users/users.feature:6
http call failed after 3 milliseconds for url: http://localhost:8080/api/products
org.apache.http.conn.HttpHostConnectException: Connect to localhost:8080 [localhost/127.0.0.1] failed: Connection refused
classpath:examples/users/create-product.feature:8
classpath:examples/users/users.feature:6
<<<

HTML report: (paste into browser to view) | Karate version: 1.5.0
file:///home/hrishabh/codebases/java_codes/springboot/myproject/target/karate-reports/karate-summary.html
===================================================================

]]></system-out>
  </testcase>
</testsuite>